Device 'PE-6x' mac addr is '18:92:a4:c9:f9:68'
Device 'PE-10x' mac addr is '94:43:4d:99:1a:83'
Device 'CE-1' mac addr is 'e0:9b:27:f0:76:23'
Device 'CE-2' mac addr is 'e0:9b:27:9e:2f:43'
{'PE-6x': {'attributes': {'neName': 'PE-6x', 'neType': '3928', 'typeGroup': 'PN6x'}, 'ipAddress': '10.92.44.44', 'macAddress': '18:92:a4:c9:f9:68'}, 'PE-10x': {'attributes': {'neName': 'PE-10x', 'neType': '5164', 'typeGroup': 'PN10x'}, 'ipAddress': '10.92.44.39', 'macAddress': '94:43:4d:99:1a:83'}, 'CE-1': {'attributes': {'neName': 'CE-1', 'neType': '3984', 'typeGroup': 'PN10x'}, 'ipAddress': '10.92.44.48', 'macAddress': 'e0:9b:27:f0:76:23'}, 'CE-2': {'attributes': {'neName': 'CE-2', 'neType': '3984', 'typeGroup': 'PN10x'}, 'ipAddress': '10.92.44.13', 'macAddress': 'e0:9b:27:9e:2f:43'}}

=== Executing Test Cases ===

--- Executing Test Case 1 ---

=== Test Case ===
Test Name: VLINE-Add-UNI
Description: Add UNI port to verificationCommands between PE-6x and PE-10x.
Test Type: verificationCommands

--- Custom Scripts ---
Device Name: PE-6x
Command File: VLINEAddUNIPort
Script Attributes:
Script VLINEAddUNIPort executed successfully!
Device Name: PE-10x
Command File: VLINEAddUNIPort
Script Attributes:
Script VLINEAddUNIPort executed successfully!

Sleep Time: 5 seconds

--- Verification Commands ---
Device: PE-6x
  Commands: ['virtual-circuit ethernet show']
Executing: virtual-circuit ethernet show
Output:

+-------------------------------------------- ETHERNET VIRTUAL CIRCUIT TABLE --------------------------------------------+
| Name                            | VLAN         | Stats    | L2 Transform                     | Provider VLAN Transform |
+---------------------------------+--------------+----------+----------------------------------+-------------------------+
| No entries found                                                             |
+---------------------------------+--------------+----------+----------------------------------+-------------------------+

Device: PE-10x
  Commands: ['show flow']
Executing: show flow
Output:
+------------------------------------- FLOW POINT -------------------------------------+
| Name         | Forwarding Domain Name | Logical Port | Admin State | Classifier List |
+--------------+------------------------+--------------+-------------+-----------------+
| FP_4_VLINE88 | FD_VLINE88             | 4            | enabled     | CLASSIFIER_88   |
| FP_5_VLINE88 | FD_VLINE88             | 5            | enabled     | CLASSIFIER_88   |
+--------------+------------------------+--------------+-------------+-----------------+
+------------------------------------ FLOW POINT STATISTICS -------------------------------------+
| Name         | Rx Accepted Frames | Tx Forwarded Frames | Rx Yellow Frames | Rx Dropped Frames |
+--------------+--------------------+---------------------+------------------+-------------------+
| FP_4_VLINE88 | 9899               | 21893               | 0                | 0                 |
| FP_5_VLINE88 | 12001              | 0                   | 0                | 0                 |
+--------------+--------------------+---------------------+------------------+-------------------+
+-------------------------------------------------- FLOW POINT STATE -------------------------------------------------+
| Name         | PFG Operational State | EVPN FXC Locally Switched | Oper State | Oper Up Time     | Forwarding State |
+--------------+-----------------------+---------------------------+------------+------------------+------------------+
| FP_4_VLINE88 | -                     | -                         | up         | 0 days,0h:6m:30s | -                |
| FP_5_VLINE88 | -                     | -                         | up         | 0 days,0h:6m:30s | -                |
+--------------+-----------------------+---------------------------+------------+------------------+------------------+
